<?xml version="1.0" encoding="UTF-8"?>
<!-- Generated by org.testng.reporters.JUnitXMLReporter -->
<testsuite hostname="DESKTOP-HGRS86I" ignored="1" name="Method Test Cases" tests="2" failures="0" timestamp="30 三月 2018 11:55:24 GMT" time="0.039" errors="0">
  <testcase name="addLocationTestCase" time="0.008" classname="testng.testngxml.IncludeMethod.AddTestCase"/>
  <testcase name="addDepartmentTestCase" time="0.003" classname="testng.testngxml.IncludeMethod.AddTestCase"/>
  <testcase name="addEmployeeTestCase" time="0.0" classname="testng.testngxml.IncludeMethod.AddTestCase">
    <ignored/>
  </testcase> <!-- addEmployeeTestCase -->
</testsuite> <!-- Method Test Cases -->
