<?xml version="1.0" encoding="UTF-8"?>
<!-- Generated by org.testng.reporters.JUnitXMLReporter -->
<testsuite hostname="DESKTOP-HGRS86I" ignored="0" name="Regression Test" tests="2" failures="0" timestamp="30 三月 2018 11:51:57 GMT" time="0.007" errors="0">
  <testcase name="addUserWithValidData" time="0.002" classname="testng.testngxml.multipleClass.record.AddUserTestCase"/>
  <testcase name="deleteUserData" time="0.002" classname="testng.testngxml.multipleClass.record.DeleteUserTestCase"/>
</testsuite> <!-- Regression Test -->
