<?xml version="1.0" encoding="UTF-8"?>
<!-- Generated by org.testng.reporters.JUnitXMLReporter -->
<testsuite hostname="DESKTOP-HGRS86I" ignored="1" name="testing" tests="3" failures="0" timestamp="30 三月 2018 11:20:35 GMT" time="0.063" errors="0">
  <testcase name="testCaseFour" time="0.021" classname="testng.groupsInTestng.groupExamples"/>
  <testcase name="testCaseOne" time="0.002" classname="testng.groupsInTestng.groupExamples"/>
  <testcase name="testCaseTwo" time="0.002" classname="testng.groupsInTestng.groupExamples"/>
  <testcase name="testCaseThree" time="0.0" classname="testng.groupsInTestng.groupExamples">
    <ignored/>
  </testcase> <!-- testCaseThree -->
</testsuite> <!-- testing -->
