<?xml version="1.0" encoding="UTF-8"?>
<!-- Generated by org.testng.reporters.JUnitXMLReporter -->
<testsuite hostname="DESKTOP-HGRS86I" ignored="0" name="Unit Level Test" tests="2" failures="0" timestamp="30 三月 2018 11:51:57 GMT" time="0.032" errors="0">
  <testcase name="addLocationTestCase" time="0.009" classname="testng.testngxml.multipleClass.entry.AddTestCase"/>
  <testcase name="editLocationTestCase" time="0.002" classname="testng.testngxml.multipleClass.entry.EditTestCase"/>
</testsuite> <!-- Unit Level Test -->
