<?xml version="1.0" encoding="UTF-8"?>
<!-- Generated by org.testng.reporters.JUnitXMLReporter -->
<testsuite hostname="DESKTOP-HGRS86I" ignored="0" name="Regression 1" tests="4" failures="0" timestamp="30 三月 2018 12:01:57 GMT" time="0.04" errors="0">
  <testcase name="testCaseOne" time="0.008" classname="testng.testngxml.parallelExecution.TestParallelOne"/>
  <testcase name="testCaseOne" time="0.009" classname="testng.testngxml.parallelExecution.TestParallelClassTwo"/>
  <testcase name="testCaseTwo" time="0.004" classname="testng.testngxml.parallelExecution.TestParallelOne"/>
  <testcase name="testCaseTwo" time="0.003" classname="testng.testngxml.parallelExecution.TestParallelClassTwo"/>
</testsuite> <!-- Regression 1 -->
