<?xml version="1.0" encoding="UTF-8"?>
<!-- Generated by org.testng.reporters.JUnitXMLReporter -->
<testsuite hostname="DESKTOP-HGRS86I" ignored="0" name="Test" tests="2" failures="1" timestamp="12 四月 2018 14:50:35 GMT" time="11.557" errors="0">
  <testcase name="testFun" time="11.514" classname="script.xiaomi.test"/>
  <testcase name="testFun001" time="0.01" classname="script.xiaomi.test">
    <failure type="java.lang.AssertionError" message="expected [true] but found [false]">
      <![CDATA[java.lang.AssertionError: expected [true] but found [false]
at script.xiaomi.test.testFun001(test.java:38)
... Removed 29 stack frames]]>
    </failure>
  </testcase> <!-- testFun001 -->
</testsuite> <!-- Test -->
