<?xml version="1.0" encoding="UTF-8"?>
<!-- Generated by org.testng.reporters.JUnitXMLReporter -->
<testsuite hostname="DESKTOP-HGRS86I" ignored="0" name="Test" tests="2" failures="1" timestamp="03 五月 2018 14:22:28 GMT" time="47.57" errors="0">
  <testcase name="testFun" time="47.53" classname="script.xiaomi.test"/>
  <testcase name="testFun001" time="0.005" classname="script.xiaomi.test">
    <failure type="java.lang.AssertionError" message="expected [true] but found [false]">
      <![CDATA[java.lang.AssertionError: expected [true] but found [false]
at script.xiaomi.test.testFun001(test.java:41)
at com.sun.proxy.$Proxy0.invoke(Unknown Source)
... Removed 37 stack frames]]>
    </failure>
  </testcase> <!-- testFun001 -->
</testsuite> <!-- Test -->
