<?xml version="1.0" encoding="UTF-8" ?>
<testsuite tests="2" failures="1" name="TestSuite" time="47.88" errors="0" skipped="0">
  <properties>
[...]
</properties>
  <testcase classname="script.xiaomi.test" name="testFun" time="47.531"/>
  <testcase classname="script.xiaomi.test" name="testFun001" time="0.011">
    <failure message="expected [true] but found [false]" type="java.lang.AssertionError">java.lang.AssertionError: expected [true] but found [false]
	at org.testng.Assert.fail(Assert.java:96)
	at org.testng.Assert.failNotEquals(Assert.java:776)
	at org.testng.Assert.assertTrue(Assert.java:44)
	at org.testng.Assert.assertTrue(Assert.java:54)
	at script.xiaomi.test.testFun001(test.java:41)
</failure>
  </testcase>
</testsuite>