<?xml version="1.0" encoding="UTF-8"?>
<!-- Generated by org.testng.reporters.JUnitXMLReporter -->
<testsuite hostname="DESKTOP-HGRS86I" ignored="0" name="TestNG logs sample" tests="3" failures="1" timestamp="30 三月 2018 11:41:45 GMT" time="0.048" errors="0">
  <testcase name="methodAddingNumbers" time="0.009" classname="testng.testngxml.Listeners.LoggingClass"/>
  <testcase name="dividedByZero" time="0.002" classname="testng.testngxml.Listeners.LoggingClass">
    <failure type="java.lang.ArithmeticException" message="/ by zero">
      <![CDATA[java.lang.ArithmeticException: / by zero
at testng.testngxml.Listeners.LoggingClass.dividedByZero(LoggingClass.java:14)
... Removed 25 stack frames]]>
    </failure>
  </testcase> <!-- dividedByZero -->
  <testcase name="methodSkip" time="0.0" classname="testng.testngxml.Listeners.LoggingClass">
    <skipped/>
  </testcase> <!-- methodSkip -->
</testsuite> <!-- TestNG logs sample -->
